<?xml version="1.0" encoding="UTF-8"?><testsuite errors="0" failures="0" name="Testing the Stores features on the best buy application" skipped="0" tests="4" time="5.8" timestamp="2022-06-20T20:50:42.943+01:00[Europe/London]"><testcase name="Verify if best buy application stores can be accessed by users"/><testcase name="Create a new store &amp; verify if the store is added"/><testcase name="Updating the store created and verify it is updated with status 200"/><testcase name="Deleting the store created and verify it is deleted"/></testsuite>